[0913/164632:ERROR:renderer_main.cc(203)] Running without renderer sandbox
[0913/164637:ERROR:child_discardable_shared_memory_manager.cc(266)] size: 4194304
[0913/164638:ERROR:child_discardable_shared_memory_manager.cc(266)] size: 4194304
[0913/164638:ERROR:child_discardable_shared_memory_manager.cc(266)] size: 4194304
[0913/164642:INFO:CONSOLE(112)] "Uncaught RangeError: Maximum call stack size exceeded", source:  (112)
[0913/164645:INFO:CONSOLE(0)] "Mixed Content: The page at 'https://new.qq.com/omn/20180913/20180913A0V24U.html?pgv_ref=aio2015&ptlang=2052' was loaded over HTTPS, but requested an insecure image 'http://btrace.qq.com/kvcollect?BossId=3744&Pwd=2036264807&channel=new.qq.com&sop=2&url=https%3A%2F%2Fnew.qq.com%2Fomn%2F20180913%2F20180913A0V24U.html%3Fpgv_ref%3Daio2015%26ptlang%3D2052&product=1&ua_raw=Mozilla%2F5.0+(Windows+NT+10.0%3B+WOW64)+AppleWebKit%2F537.36+(KHTML%2C+like+Gecko)+Chrome%2F43.0.2357.134+Safari%2F537.36+QBCore%2F3.43.874.400+QQBrowser%2F9.0.2524.400&rand=0.8383862148039043&QQ=744893428&s_action=off'. This content should also be served over HTTPS.", source: https://new.qq.com/omn/20180913/20180913A0V24U.html?pgv_ref=aio2015&ptlang=2052 (0)
[0913/164645:ERROR:child_discardable_shared_memory_manager.cc(266)] size: 4194304
[0913/164647:INFO:CONSOLE(0)] "Mixed Content: The page at 'https://new.qq.com/omn/20180913/20180913A0V24U.html?pgv_ref=aio2015&ptlang=2052' was loaded over HTTPS, but requested an insecure image 'http://livep.l.qq.com/livemsg?o=394&adtype=LD&soid=w1hxcpcAW5qUeQ7hrgBZpqmMAcvh&r90=1&l=6&refluence=6&requestl=6&tagid=0&pf=out&si=546433290&ev=6.0.532.532&aver_flag=0&traffic=&ip_filter=0&ufc_filter=0&ufc_stra=0&ufc_match=0&backfunnel=401&use_axp=0&axpheader=1&use_txp=0&txpheader=1&st_id_t=1&flow_reuse=1&ping_data=dXBfdmVyc2lvbj1WNi4wLjUzMi41MzI=&vid=z0700qc6eww&pf_ex=pc&live=0&aid_tpid=23&aid_tpid2=0&aid_tpid3=0&aid_dura=54&aid_vid_drm=0&aid_copyright=0&aid_vip_type=1&url=https://new.qq.com/omn/20180913/20180913A0V24U.html?pgv_ref=aio2015&ptlang=2052&from=0&pf=out&v=3.4.37&dura=&coverid=&vptag=aio2015&oadid=6&lcount=1&t=0&pf_ex=pc&tpid=23&chid='. This content should also be served over HTTPS.", source: https://new.qq.com/omn/20180913/20180913A0V24U.html?pgv_ref=aio2015&ptlang=2052 (0)
[0913/164647:INFO:CONSOLE(0)] "Mixed Content: The page at 'https://new.qq.com/omn/20180913/20180913A0V24U.html?pgv_ref=aio2015&ptlang=2052' was loaded over HTTPS, but requested an insecure image 'http://livep.l.qq.com/livemsg?o=394&adtype=KB&soid=w1hxcpcAW5qUeQ7hrgBZpqmMAcvh&r90=1&l=6&refluence=6&requestl=6&tagid=0&pf=out&si=546433290&ev=6.0.532.532&aver_flag=0&traffic=&ip_filter=0&ufc_filter=0&ufc_stra=0&ufc_match=0&backfunnel=401&use_axp=0&axpheader=1&use_txp=0&txpheader=1&st_id_t=1&flow_reuse=1&ping_data=dXBfdmVyc2lvbj1WNi4wLjUzMi41MzI=&vid=z0700qc6eww&pf_ex=pc&live=0&aid_tpid=23&aid_tpid2=0&aid_tpid3=0&aid_dura=54&aid_vid_drm=0&aid_copyright=0&aid_vip_type=1&url=https://new.qq.com/omn/20180913/20180913A0V24U.html?pgv_ref=aio2015&ptlang=2052&from=0&pf=out&v=3.4.37&dura=&coverid=&vptag=aio2015&oadid=6&lcount=1&t=0&pf_ex=pc&tpid=23&chid='. This content should also be served over HTTPS.", source: https://new.qq.com/omn/20180913/20180913A0V24U.html?pgv_ref=aio2015&ptlang=2052 (0)
[0913/164649:ERROR:audio_low_latency_output_win.cc(181)] Bailing out due to non-perfect timing.  Buffer size of 480 is not an even divisor of 1056
[0913/164650:ERROR:child_discardable_shared_memory_manager.cc(266)] size: 4194304
[0913/164655:ERROR:child_discardable_shared_memory_manager.cc(266)] size: 4194304
[0913/164655:ERROR:child_discardable_shared_memory_manager.cc(266)] size: 4194304
[0913/164655:ERROR:child_discardable_shared_memory_manager.cc(266)] size: 4194304
[0913/164741:ERROR:child_discardable_shared_memory_manager.cc(266)] size: 4194304
[0913/164742:INFO:CONSOLE(0)] "Mixed Content: The page at 'https://new.qq.com/omn/20180913/20180913A0V24U.html?pgv_ref=aio2015&ptlang=2052' was loaded over HTTPS, but requested an insecure image 'http://livep.l.qq.com/livemsg?o=394&adtype=HT&soid=w1hxckgAW5qUsQWMZACDZbf3AW+M&r90=1&l=6&refluence=6&requestl=6&tagid=0&pf=out&si=2759896842&ev=6.0.532.532&aver_flag=0&traffic=&ip_filter=0&ufc_filter=0&ufc_stra=0&ufc_match=0&backfunnel=401&use_axp=0&axpheader=1&use_txp=0&txpheader=1&st_id_t=1&flow_reuse=1&ping_data=dXBfdmVyc2lvbj1WNi4wLjUzMi41MzI=&vid=z0700qc6eww&pf_ex=pc&live=0&aid_tpid=23&aid_tpid2=0&aid_tpid3=0&aid_dura=54&aid_vid_drm=0&aid_copyright=0&aid_vip_type=1&url=https://new.qq.com/omn/20180913/20180913A0V24U.html?pgv_ref=aio2015&ptlang=2052&from=0&pf=out&v=3.4.37&dura=&coverid=&vptag=aio2015&oadid=6&lcount=1&t=0&pf_ex=pc&tpid=23&chid='. This content should also be served over HTTPS.", source: https://new.qq.com/omn/20180913/20180913A0V24U.html?pgv_ref=aio2015&ptlang=2052 (0)
[0913/164742:ERROR:child_discardable_shared_memory_manager.cc(266)] size: 4194304
[0913/164744:ERROR:child_discardable_shared_memory_manager.cc(266)] size: 4194304
[0913/164813:ERROR:child_discardable_shared_memory_manager.cc(266)] size: 4194304
[0913/164813:ERROR:child_discardable_shared_memory_manager.cc(266)] size: 4194304
[0913/164813:ERROR:child_discardable_shared_memory_manager.cc(266)] size: 4194304
[0913/164813:ERROR:child_discardable_shared_memory_manager.cc(266)] size: 4194304
[0913/164814:ERROR:child_discardable_shared_memory_manager.cc(266)] size: 4194304
[0913/164835:ERROR:child_discardable_shared_memory_manager.cc(266)] size: 4194304
[0913/164838:ERROR:child_discardable_shared_memory_manager.cc(266)] size: 4194304
[0913/164850:ERROR:child_discardable_shared_memory_manager.cc(266)] size: 4194304
[0913/164851:ERROR:child_discardable_shared_memory_manager.cc(266)] size: 4194304
[0913/164851:ERROR:child_discardable_shared_memory_manager.cc(266)] size: 4194304
[0913/164851:ERROR:child_discardable_shared_memory_manager.cc(266)] size: 4194304
[0913/164852:ERROR:child_discardable_shared_memory_manager.cc(266)] size: 4194304
[0913/164852:ERROR:child_discardable_shared_memory_manager.cc(266)] size: 4194304
[0913/164852:ERROR:child_discardable_shared_memory_manager.cc(266)] size: 4194304
[0913/164857:ERROR:child_discardable_shared_memory_manager.cc(266)] size: 4194304
[0913/164859:WARNING:raw_channel_win.cc(473)] WriteFile: 管道正在被关闭。 (0xE8)
[0913/164859:WARNING:channel.cc(549)] Failed to send message to remove remote endpoint (local ID 1, remote ID 1)
[0913/164859:WARNING:channel.cc(549)] Failed to send message to remove remote endpoint (local ID 2, remote ID 2147483648)
